Starting instances/taillard/chH02L24p4.dat - 505 
grasp:
208ms
RLS: 96.83%

Starting instances/taillard/chH02L32p4.dat - 505 
grasp:
287ms
RLS: 95.25%

Starting instances/taillard/chH03L16p4.dat - 505 
grasp:
178ms
RLS: 92.87%

Starting instances/taillard/chH02L42p4.dat - 505 
grasp:
220ms
RLS: 92.48%

Starting instances/taillard/chH02L48p4.dat - 505 
grasp:
179ms
RLS: 90.50%

Starting instances/taillard/chH03L24p4.dat - 505 
grasp:
188ms
RLS: 88.71%

Starting instances/taillard/chH04L16p4.dat - 505 
grasp:
268ms
RLS: 86.14%

Starting instances/taillard/chH03L28p4.dat - 505 
grasp:
182ms
RLS: 84.75%

Starting instances/taillard/chH04L18p4.dat - 505 
grasp:
264ms
RLS: 83.56%

Starting instances/taillard/chH03L32p4.dat - 505 
grasp:
194ms
RLS: 82.18%

Starting instances/taillard/chH04L21p4.dat - 505 
grasp:
196ms
RLS: 79.80%

Starting instances/taillard/chH04L24p4.dat - 505 
grasp:
202ms
RLS: 76.83%

Starting instances/taillard/chH02L24p4.dat - 5046 
grasp:
14500ms
RLS: 93.64%

Starting instances/taillard/chH02L32p4.dat - 5046 
grasp:
10392ms
RLS: 85.10%

Starting instances/taillard/chH03L16p4.dat - 5046 
grasp:
10487ms
RLS: 89.60%

Starting instances/taillard/chH02L42p4.dat - 5046 
grasp:
10030ms
RLS: 72.06%

Starting instances/taillard/chH02L48p4.dat - 5046 
grasp:
12385ms
RLS: 64.25%

Starting instances/taillard/chH03L24p4.dat - 5046 
grasp:
11932ms
RLS: 73.94%

Starting instances/taillard/chH04L16p4.dat - 5046 
grasp:
10438ms
RLS: 76.26%

Starting instances/taillard/chH03L28p4.dat - 5046 
grasp:
10792ms
RLS: 64.23%

Starting instances/taillard/chH04L18p4.dat - 5046 
grasp:
11952ms
RLS: 69.64%

Starting instances/taillard/chH03L32p4.dat - 5046 
grasp:
10328ms
RLS: 54.50%

Starting instances/taillard/chH04L21p4.dat - 5046 
grasp:
10196ms
RLS: 60.13%

Starting instances/taillard/chH04L24p4.dat - 5046 
grasp:
13549ms
RLS: 50.16%

Starting instances/taillard/chH02L24p4.dat - 13k 
grasp:
86049ms
RLS: 95.52%

Starting instances/taillard/chH02L32p4.dat - 13k 
grasp:
80828ms
RLS: 90.66%

Starting instances/taillard/chH03L16p4.dat - 13k 
grasp:
72911ms
RLS: 93.09%

Starting instances/taillard/chH02L42p4.dat - 13k 
grasp:
80350ms
RLS: 82.93%

Starting instances/taillard/chH02L48p4.dat - 13k 
grasp:
80143ms
RLS: 78.43%

Starting instances/taillard/chH03L24p4.dat - 13k 
grasp:
84163ms
RLS: 82.75%

Starting instances/taillard/chH04L16p4.dat - 13k 
grasp:
72087ms
RLS: 83.75%

Starting instances/taillard/chH03L28p4.dat - 13k 
grasp:
61283ms
RLS: 76.65%

Starting instances/taillard/chH04L18p4.dat - 13k 
grasp:
57839ms
RLS: 79.38%

Starting instances/taillard/chH03L32p4.dat - 13k 
grasp:
56894ms
RLS: 70.33%

Starting instances/taillard/chH04L21p4.dat - 13k 
grasp:
57207ms
RLS: 72.52%

Starting instances/taillard/chH04L24p4.dat - 13k 
grasp:
56081ms
RLS: 65.76%

