Starting 505 instances/taillard/chH02L24p4.dat
grasp:
175ms
RLS: 96.63%

Starting 505 instances/taillard/chH02L32p4.dat
grasp:
182ms
RLS: 94.65%

Starting 505 instances/taillard/chH03L16p4.dat
grasp:
197ms
RLS: 92.67%

Starting 505 instances/taillard/chH02L42p4.dat
grasp:
195ms
RLS: 91.29%

Starting 505 instances/taillard/chH02L48p4.dat
grasp:
290ms
RLS: 89.50%

Starting 505 instances/taillard/chH03L24p4.dat
grasp:
208ms
RLS: 87.52%

Starting 505 instances/taillard/chH04L16p4.dat
grasp:
297ms
RLS: 85.35%

Starting 505 instances/taillard/chH03L28p4.dat
grasp:
226ms
RLS: 84.16%

Starting 505 instances/taillard/chH04L18p4.dat
grasp:
190ms
RLS: 83.17%

Starting 505 instances/taillard/chH03L32p4.dat
grasp:
191ms
RLS: 81.39%

Starting 505 instances/taillard/chH04L21p4.dat
grasp:
192ms
RLS: 79.60%

Starting 505 instances/taillard/chH04L24p4.dat
grasp:
204ms
RLS: 74.65%


Starting 5046 instances/taillard/chH02L24p4.dat
grasp:
12881ms
RLS: 93.04%

Starting 5046 instances/taillard/chH02L32p4.dat
grasp:
11224ms
RLS: 83.95%

Starting 5046 instances/taillard/chH03L16p4.dat
grasp:
11585ms
RLS: 88.78%

Starting 5046 instances/taillard/chH02L42p4.dat
grasp:
10808ms
RLS: 69.98%

Starting 5046 instances/taillard/chH02L48p4.dat
grasp:
10247ms
RLS: 61.89%

Starting 5046 instances/taillard/chH03L24p4.dat
grasp:
10833ms
RLS: 72.20%

Starting 5046 instances/taillard/chH04L16p4.dat
grasp:
11186ms
RLS: 74.95%

Starting 5046 instances/taillard/chH03L28p4.dat
grasp:
10443ms
RLS: 61.99%

Starting 5046 instances/taillard/chH04L18p4.dat
grasp:
11154ms
RLS: 67.95%

Starting 5046 instances/taillard/chH03L32p4.dat
grasp:
10012ms
RLS: 52.26%

Starting 5046 instances/taillard/chH04L21p4.dat
grasp:
10592ms
RLS: 57.85%

Starting 5046 instances/taillard/chH04L24p4.dat
grasp:
10473ms
RLS: 47.60%


Starting 13k instances/taillard/chH02L24p4.dat
grasp:
66132ms
RLS: 95.19%

Starting 13k instances/taillard/chH02L32p4.dat
grasp:
63716ms
RLS: 90.07%

Starting 13k instances/taillard/chH03L16p4.dat
grasp:
64002ms
RLS: 92.55%

Starting 13k instances/taillard/chH02L42p4.dat
grasp:
61242ms
RLS: 81.80%